<?xml version="1.0" encoding="UTF-8"?>
<testng-results ignored="0" total="1" passed="1" failed="0" skipped="0">
  <reporter-output>
  </reporter-output>
  <suite started-at="2025-05-28T12:15:16 IST" name="Default suite" finished-at="2025-05-28T12:15:46 IST" duration-ms="29851">
    <groups>
    </groups>
    <test started-at="2025-05-28T12:15:16 IST" name="Default test" finished-at="2025-05-28T12:15:46 IST" duration-ms="29851">
      <class name="com.sel.generic.JsonCrateOrg">
        <test-method signature="createOrg()[pri:0, instance:com.sel.generic.JsonCrateOrg@25ce9dc4]" started-at="2025-05-28T12:15:16 IST" name="createOrg" finished-at="2025-05-28T12:15:46 IST" duration-ms="29702" status="PASS">
          <reporter-output>
          </reporter-output>
        </test-method> <!-- createOrg -->
      </class> <!-- com.sel.generic.JsonCrateOrg -->
    </test> <!-- Default test -->
  </suite> <!-- Default suite -->
</testng-results>
